
ROM used:   51/8192 (1%)
            51/8192 (1%) including unused fragments

            0.1 Average locations per line
            2.4 Average locations per statement

RAM used:   5/368 (1%) at main() level
            5/368 (1%) worst case

Stack used: 0 worst case (0 in main + 0 for interrupts)
Stack size: 8

Lines Stmts  %   Files
----- ----- ---  -----
   49    21 100  H koprusu ile dc motor surme.c
  629     0   0  ..\..\..\Program Files (x86)\PICC\Devices\16f877.h
----- -----
  678    21 Total

Page ROM  %  RAM   Vol Diff  Functions:
---- --- --- ---   --- ----  ----------
0     47  92    0   434  2.8  main
 Inline         0             @cinit1

Program metrics:
    Functions               1
    Statements              21
    Comments                103
    Volume (V)              437
    Difficulty (D)          2.8
    Effort to implement (E) 1207
    Time to implement (T)   1 minutes
    Est Delivered Bugs (B)  0
    Cyclomatic Complexity   3
    Maintainability (MI)    89

 Segment     Used  Free
-----------  ----  ----
00000-00003     4  0  
00004-007FF    47  1997  
00800-00FFF     0  2048  
01000-017FF     0  2048  
01800-01FFF     0  2048  



